<?xml version="1.0" encoding="UTF-8"?>
<!-- Generated by org.testng.reporters.JUnitReportReporter -->
<testsuite hostname="DESKTOP-0JBB44C" failures="0" tests="1" name="com.automationexercise.tests.TC015_PlaceOrderRegisterbeforeCheckout" time="26.826" errors="0" timestamp="2025-10-29T10:17:36 IST" skipped="0">
  <testcase classname="com.automationexercise.tests.TC015_PlaceOrderRegisterbeforeCheckout" name="verifyQuandity" time="26.826"/>
</testsuite> <!-- com.automationexercise.tests.TC015_PlaceOrderRegisterbeforeCheckout -->
