<?xml version="1.0" encoding="UTF-8"?>
<!-- Generated by org.testng.reporters.JUnitReportReporter -->
<testsuite hostname="DESKTOP-0JBB44C" failures="0" tests="1" name="com.automationexercise.tests.TC004_LogoutUser" time="14.193" errors="0" timestamp="2025-10-23T18:56:00 IST" skipped="0">
  <testcase classname="com.automationexercise.tests.TC004_LogoutUser" name="verifyPage" time="14.193"/>
</testsuite> <!-- com.automationexercise.tests.TC004_LogoutUser -->
