<?xml version="1.0" encoding="UTF-8"?>
<!-- Generated by org.testng.reporters.JUnitReportReporter -->
<testsuite hostname="DESKTOP-0JBB44C" failures="0" tests="1" name="com.automationexercise.tests.TC019_ViewCartBrandProducts" time="5.851" errors="0" timestamp="2025-10-29T21:54:48 IST" skipped="0">
  <testcase classname="com.automationexercise.tests.TC019_ViewCartBrandProducts" name="existinguserSignup" time="5.851"/>
</testsuite> <!-- com.automationexercise.tests.TC019_ViewCartBrandProducts -->
