<?xml version="1.0" encoding="UTF-8"?>
<!-- Generated by org.testng.reporters.JUnitReportReporter -->
<testsuite hostname="DESKTOP-0JBB44C" failures="0" tests="3" name="com.automationexercise.tests.TC008_VerifyAllProductsAndProductDetailPage" time="35.886" errors="0" timestamp="2025-10-24T18:05:29 IST" skipped="0">
  <testcase classname="com.automationexercise.tests.TC008_VerifyAllProductsAndProductDetailPage" name="verifyProduct" time="12.683"/>
  <testcase classname="com.automationexercise.tests.TC008_VerifyAllProductsAndProductDetailPage" name="verifyProduct" time="12.461"/>
  <testcase classname="com.automationexercise.tests.TC008_VerifyAllProductsAndProductDetailPage" name="verifyProduct" time="10.742"/>
</testsuite> <!-- com.automationexercise.tests.TC008_VerifyAllProductsAndProductDetailPage -->
