<?xml version="1.0" encoding="UTF-8"?>
<!-- Generated by org.testng.reporters.JUnitReportReporter -->
<testsuite hostname="DESKTOP-0JBB44C" failures="0" tests="1" name="com.automationexercise.tests.TC020_SearchProductsAndVerifyCartAfterLogin" time="10.161" errors="0" timestamp="2025-10-30T20:10:47 IST" skipped="0">
  <testcase classname="com.automationexercise.tests.TC020_SearchProductsAndVerifyCartAfterLogin" name="existinguserSignup" time="10.161"/>
</testsuite> <!-- com.automationexercise.tests.TC020_SearchProductsAndVerifyCartAfterLogin -->
