<?xml version="1.0" encoding="UTF-8"?>
<!-- Generated by org.testng.reporters.JUnitReportReporter -->
<testsuite hostname="DESKTOP-0JBB44C" failures="0" tests="1" name="com.automationexercise.tests.TC013_VerifyProductQuantityInCart" time="6.916" errors="0" timestamp="2025-10-29T19:04:56 IST" skipped="0">
  <testcase classname="com.automationexercise.tests.TC013_VerifyProductQuantityInCart" name="verifyQuandity" time="6.916"/>
</testsuite> <!-- com.automationexercise.tests.TC013_VerifyProductQuantityInCart -->
