<?xml version="1.0" encoding="UTF-8"?>
<!-- Generated by org.testng.reporters.JUnitReportReporter -->
<testsuite hostname="DESKTOP-0JBB44C" failures="0" tests="1" name="com.automationexercise.tests.TC003_SignupAndDeleteAccount" time="0.859" errors="1" timestamp="2025-10-23T12:18:51 IST" skipped="0">
  <testcase classname="com.automationexercise.tests.TC003_SignupAndDeleteAccount" name="verifyPage" time="0.859">
    <error message="
[public void com.automationexercise.tests.TC003_SignupAndDeleteAccount.verifyPage(java.lang.String,java.lang.String,java.lang.String,java.lang.String,java.lang.String,java.lang.String,java.lang.String,java.lang.String,java.lang.String,java.lang.String,java.lang.String)] has no parameters defined but was found to be using a data provider (either explicitly specified or inherited from class level annotation).
Data provider mismatch
Method: verifyPage([java.lang.String arg0, java.lang.String arg1, java.lang.String arg2, java.lang.String arg3, java.lang.String arg4, java.lang.String arg5, java.lang.String arg6, java.lang.String arg7, java.lang.String arg8, java.lang.String arg9, java.lang.String arg10])
Arguments: [(java.lang.String) Jayaprakash,(java.lang.String) jayaprakash1803@gmail.com,(java.lang.String) Mr,(java.lang.String) Jp@180393,(java.lang.String) 18,(java.lang.String) March,(java.lang.String) 1993,(java.lang.String) jayaprakash,(java.lang.String) Devaraj,(java.lang.String) 25A, Periyar Street,(java.lang.String) TamilNadu,(java.lang.String) Coimbatore,(java.lang.String) 641109,(java.lang.String) 8122212313]" type="org.testng.internal.reflect.MethodMatcherException">
      <![CDATA[org.testng.internal.reflect.MethodMatcherException: 
[public void com.automationexercise.tests.TC003_SignupAndDeleteAccount.verifyPage(java.lang.String,java.lang.String,java.lang.String,java.lang.String,java.lang.String,java.lang.String,java.lang.String,java.lang.String,java.lang.String,java.lang.String,java.lang.String)] has no parameters defined but was found to be using a data provider (either explicitly specified or inherited from class level annotation).
Data provider mismatch
Method: verifyPage([java.lang.String arg0, java.lang.String arg1, java.lang.String arg2, java.lang.String arg3, java.lang.String arg4, java.lang.String arg5, java.lang.String arg6, java.lang.String arg7, java.lang.String arg8, java.lang.String arg9, java.lang.String arg10])
Arguments: [(java.lang.String) Jayaprakash,(java.lang.String) jayaprakash1803@gmail.com,(java.lang.String) Mr,(java.lang.String) Jp@180393,(java.lang.String) 18,(java.lang.String) March,(java.lang.String) 1993,(java.lang.String) jayaprakash,(java.lang.String) Devaraj,(java.lang.String) 25A, Periyar Street,(java.lang.String) TamilNadu,(java.lang.String) Coimbatore,(java.lang.String) 641109,(java.lang.String) 8122212313]
at org.testng.internal.reflect.DataProviderMethodMatcher.getConformingArguments(DataProviderMethodMatcher.java:46)
at org.testng.internal.Parameters.injectParameters(Parameters.java:915)
at org.testng.internal.invokers.MethodRunner.runInSequence(MethodRunner.java:50)
at org.testng.internal.invokers.TestInvoker$MethodInvocationAgent.invoke(TestInvoker.java:995)
at org.testng.internal.invokers.TestInvoker.invokeTestMethods(TestInvoker.java:203)
at org.testng.internal.invokers.TestMethodWorker.invokeTestMethods(TestMethodWorker.java:154)
at org.testng.internal.invokers.TestMethodWorker.run(TestMethodWorker.java:134)
at java.base/java.util.ArrayList.forEach(ArrayList.java:1596)
at org.testng.TestRunner.privateRun(TestRunner.java:741)
at org.testng.TestRunner.run(TestRunner.java:616)
at org.testng.SuiteRunner.runTest(SuiteRunner.java:421)
at org.testng.SuiteRunner.runSequentially(SuiteRunner.java:413)
at org.testng.SuiteRunner.privateRun(SuiteRunner.java:373)
at org.testng.SuiteRunner.run(SuiteRunner.java:312)
at org.testng.SuiteRunnerWorker.runSuite(SuiteRunnerWorker.java:52)
at org.testng.SuiteRunnerWorker.run(SuiteRunnerWorker.java:95)
at org.testng.TestNG.runSuitesSequentially(TestNG.java:1274)
at org.testng.TestNG.runSuitesLocally(TestNG.java:1208)
at org.testng.TestNG.runSuites(TestNG.java:1112)
at org.testng.TestNG.run(TestNG.java:1079)
at org.testng.remote.AbstractRemoteTestNG.run(AbstractRemoteTestNG.java:115)
at org.testng.remote.RemoteTestNG.initAndRun(RemoteTestNG.java:293)
at org.testng.remote.RemoteTestNG.main(RemoteTestNG.java:91)
]]>
    </error>
  </testcase> <!-- verifyPage -->
</testsuite> <!-- com.automationexercise.tests.TC003_SignupAndDeleteAccount -->
