<?xml version="1.0" encoding="UTF-8"?>
<!-- Generated by org.testng.reporters.JUnitReportReporter -->
<testsuite hostname="DESKTOP-0JBB44C" failures="0" tests="1" name="com.automationexercise.tests.TC014_PlaceOrderRegisterWhileCheckout" time="14.566" errors="0" timestamp="2025-10-29T09:55:24 IST" skipped="0">
  <testcase classname="com.automationexercise.tests.TC014_PlaceOrderRegisterWhileCheckout" name="verifyQuandity" time="14.566"/>
</testsuite> <!-- com.automationexercise.tests.TC014_PlaceOrderRegisterWhileCheckout -->
