<?xml version="1.0" encoding="UTF-8"?>
<!-- Generated by org.testng.reporters.JUnitReportReporter -->
<testsuite hostname="DESKTOP-0JBB44C" failures="0" tests="1" name="com.automationexercise.tests.TC012_AddProductsInCart" time="6.339" errors="0" timestamp="2025-10-29T13:10:36 IST" skipped="0">
  <testcase classname="com.automationexercise.tests.TC012_AddProductsInCart" name="verifySubInCart" time="6.339"/>
</testsuite> <!-- com.automationexercise.tests.TC012_AddProductsInCart -->
