<?xml version="1.0" encoding="UTF-8"?>
<!-- Generated by org.testng.reporters.JUnitReportReporter -->
<testsuite hostname="DESKTOP-0JBB44C" failures="0" tests="1" name="com.automationexercise.tests.CreateNewAccount" time="6.472" errors="0" timestamp="2025-10-29T11:58:00 IST" skipped="0">
  <testcase classname="com.automationexercise.tests.CreateNewAccount" name="signupTheAccount" time="6.472"/>
</testsuite> <!-- com.automationexercise.tests.CreateNewAccount -->
