<?xml version="1.0" encoding="UTF-8"?>
<!-- Generated by org.testng.reporters.JUnitReportReporter -->
<testsuite hostname="DESKTOP-0JBB44C" failures="0" tests="1" name="com.automationexercise.tests.CreateNewAccount" time="16.342" errors="0" timestamp="2025-10-30T20:02:06 IST" skipped="0">
  <testcase classname="com.automationexercise.tests.CreateNewAccount" name="signupTheAccount" time="16.342"/>
</testsuite> <!-- com.automationexercise.tests.CreateNewAccount -->
