<?xml version="1.0" encoding="UTF-8"?>
<!-- Generated by org.testng.reporters.JUnitReportReporter -->
<testsuite hostname="DESKTOP-0JBB44C" failures="0" tests="1" name="com.automationexercise.tests.TC018_ViewCategoryProducts" time="8.698" errors="0" timestamp="2025-10-29T21:09:18 IST" skipped="0">
  <testcase classname="com.automationexercise.tests.TC018_ViewCategoryProducts" name="existinguserSignup" time="8.698"/>
</testsuite> <!-- com.automationexercise.tests.TC018_ViewCategoryProducts -->
