<?xml version="1.0" encoding="UTF-8"?>
<!-- Generated by org.testng.reporters.JUnitReportReporter -->
<testsuite hostname="DESKTOP-0JBB44C" failures="0" tests="1" name="com.automationexercise.tests.TC016_PlaceOrderLoginBeforeCheckout" time="11.003" errors="0" timestamp="2025-10-29T11:58:00 IST" skipped="0">
  <testcase classname="com.automationexercise.tests.TC016_PlaceOrderLoginBeforeCheckout" name="verifyQuandity" time="11.003"/>
</testsuite> <!-- com.automationexercise.tests.TC016_PlaceOrderLoginBeforeCheckout -->
