<?xml version="1.0" encoding="UTF-8"?>
<!-- Generated by org.testng.reporters.JUnitReportReporter -->
<testsuite hostname="DESKTOP-0JBB44C" failures="0" tests="1" name="com.automationexercise.tests.TC003_LoginUserWithIncorrectEmailAndPassword" time="7.556" errors="0" timestamp="2025-10-23T14:47:51 IST" skipped="0">
  <testcase classname="com.automationexercise.tests.TC003_LoginUserWithIncorrectEmailAndPassword" name="verifyPage" time="7.556"/>
</testsuite> <!-- com.automationexercise.tests.TC003_LoginUserWithIncorrectEmailAndPassword -->
