<?xml version="1.0" encoding="UTF-8"?>
<!-- Generated by org.testng.reporters.JUnitReportReporter -->
<testsuite hostname="DESKTOP-0JBB44C" failures="0" tests="1" name="com.automationexercise.tests.TC007_VerifyTestCasesPage" time="9.224" errors="0" timestamp="2025-10-24T17:45:21 IST" skipped="0">
  <testcase classname="com.automationexercise.tests.TC007_VerifyTestCasesPage" name="existinguserSignup" time="9.224"/>
</testsuite> <!-- com.automationexercise.tests.TC007_VerifyTestCasesPage -->
