<?xml version="1.0" encoding="UTF-8"?>
<!-- Generated by org.testng.reporters.JUnitReportReporter -->
<testsuite hostname="DESKTOP-0JBB44C" failures="0" tests="1" name="com.automationexercise.tests.TC002_verifyTheExistingID" time="12.161" errors="0" timestamp="2025-10-23T08:37:40 IST" skipped="0">
  <testcase classname="com.automationexercise.tests.TC002_verifyTheExistingID" name="verifyPage" time="12.161"/>
</testsuite> <!-- com.automationexercise.tests.TC002_verifyTheExistingID -->
