<?xml version="1.0" encoding="UTF-8"?>
<!-- Generated by org.testng.reporters.JUnitReportReporter -->
<testsuite hostname="DESKTOP-0JBB44C" failures="0" tests="1" name="com.automationexercise.tests.TC006_ContactUsForm" time="8.355" errors="0" timestamp="2025-10-23T20:27:53 IST" skipped="0">
  <testcase classname="com.automationexercise.tests.TC006_ContactUsForm" name="existinguserSignup" time="8.355"/>
</testsuite> <!-- com.automationexercise.tests.TC006_ContactUsForm -->
