<?xml version="1.0" encoding="UTF-8"?>
<!-- Generated by org.testng.reporters.JUnitReportReporter -->
<testsuite hostname="DESKTOP-0JBB44C" failures="0" tests="1" name="com.automationexercise.tests.TC009_SearchProduct" time="15.735" errors="0" timestamp="2025-10-24T18:33:32 IST" skipped="0">
  <testcase classname="com.automationexercise.tests.TC009_SearchProduct" name="verifyProduct" time="15.735"/>
</testsuite> <!-- com.automationexercise.tests.TC009_SearchProduct -->
