<?xml version="1.0" encoding="UTF-8"?>
<!-- Generated by org.testng.reporters.JUnitReportReporter -->
<testsuite hostname="DESKTOP-0JBB44C" failures="0" tests="1" name="com.automationexercise.tests.TC005_RegisterUserWithExistingEmail" time="10.384" errors="0" timestamp="2025-10-23T19:17:01 IST" skipped="0">
  <testcase classname="com.automationexercise.tests.TC005_RegisterUserWithExistingEmail" name="existinguserSignup" time="10.384"/>
</testsuite> <!-- com.automationexercise.tests.TC005_RegisterUserWithExistingEmail -->
