<?xml version="1.0" encoding="UTF-8"?>
<!-- Generated by org.testng.reporters.JUnitReportReporter -->
<testsuite hostname="DESKTOP-0JBB44C" failures="0" tests="1" name="com.automationexercise.tests.TC017_RemoveProductsFromCart" time="7.893" errors="0" timestamp="2025-10-29T16:07:34 IST" skipped="0">
  <testcase classname="com.automationexercise.tests.TC017_RemoveProductsFromCart" name="verifyQuandity" time="7.893"/>
</testsuite> <!-- com.automationexercise.tests.TC017_RemoveProductsFromCart -->
