<?xml version="1.0" encoding="UTF-8"?>
<!-- Generated by org.testng.reporters.JUnitReportReporter -->
<testsuite hostname="DESKTOP-0JBB44C" failures="0" tests="1" name="com.automationexercise.tests.TC002_LoginUserwithcorrectEmailandPassword" time="14.952" errors="0" timestamp="2025-10-23T14:02:27 IST" skipped="0">
  <testcase classname="com.automationexercise.tests.TC002_LoginUserwithcorrectEmailandPassword" name="verifyPage" time="14.952"/>
</testsuite> <!-- com.automationexercise.tests.TC002_LoginUserwithcorrectEmailandPassword -->
