<?xml version="1.0" encoding="UTF-8"?>
<!-- Generated by org.testng.reporters.JUnitReportReporter -->
<testsuite hostname="DESKTOP-0JBB44C" failures="0" tests="1" name="com.automationexercise.tests.TC011_VerifySubscriptionInCartPage" time="7.351" errors="0" timestamp="2025-10-27T08:27:51 IST" skipped="0">
  <testcase classname="com.automationexercise.tests.TC011_VerifySubscriptionInCartPage" name="verifySubInCart" time="7.351"/>
</testsuite> <!-- com.automationexercise.tests.TC011_VerifySubscriptionInCartPage -->
